23057
16130
15701
20541
28145
20825
29213
27950
26863
24475
27485
12311
17403
21479
11241
3304
28141
16806
6577
12606
32669
14651
12992
21868
30918
363
4339
8518
16794
651
22651
20653
27939
28526
27924
990
30815
30733
2562
26490
538
4595
6351
8276
14217
8814
25285
9981
29098
5749
31020
32528
16222
13402
28739
30268
22594
13103
18687
22293
13392
25593
9605
15258
17464
30869
9319
27524
1662
13420
32417
29269
30036
4825
17490
22811
2357
12118
21562
12295
19525
31593
27126
21425
14954
3665
24316
6696
27176
6766
31320
21435
14912
21619
27427
19337
32775
22605
18887
13257
29319
22481
15348
10712
20054
7976
5983
15879
28217
15098
8000
11041
21623
19548
14473
10685
24828
22137
12517
2888
12340
4609
29814
2256
24228
4692
20046
29073
11592
18542
4009
9537
17072
12178
14832
1563
1241
12213
1901
20140
18379
431
28366
30559
19701
8482
32090
6089
20299
6184
9204
28596
6172
12479
21203
1004
22707
22517
32766
31436
17588
16082
29832
9351
10547
1287
31888
23350
31892
31067
22006
9893
8997
15312
31197
20443
25723
19862
7395
20589
19855
23224
546
18819
31639
18817
31973
28327
2981
23467
15658
4176
11009
27982
17114
12849
1095
7561
5066
22848
1342
27887
4208
32136
14717
7602
868
19374
13759
24977
18333
8772
20481
8578
8551
30416
8288
27422
9765
3737
1715
20432
20171
14135
12522
16828
4377
27353
24099
14958
7062
3155
23185
14154
4179
9966
28685
22447
23132
24046
18296
10472
31229
30690
30423
27611
25529
12719
14380
24687
19978
17754
1300
25275
2520
20631
4899
26099
16826
1813
27906
6417
15342
23686
9285
16710
31513
4720
22541
5663
22974
21941
3169
11126
31870
22499
3659
13597
14100
4154
24755
12362
16397
4225
28159
16068
20298
6537
31335
16331
823
23422
4889
29384
10440
3568
30224
12216
16951
19363
11955
344
26751
24089
25391
11536
25494
25819
3732
29855
5484
1162
9137
7562
5030
2472
21679
2629
3098
11046
31598
28958
20488
22700
24226
31980
8734
16555
20395
25466
8999
31266
23864
15796
31129
32307
5787
11663
4029
23908
7146
7609
1211
23733
30425
9989
11340
26214
30808
26515
14653
31364
5870
22465
28325
2871
2515
26835
29669
28877
7376
31076
10082
24965
30934
27531
3076
6427
23902
26829
11629
7191
1670
8133
5881
17108
15333
1939
14712
30802
17461
29959
23469
22716
14753
3469
29061
7095
31462
25559
30231
30319
13619
19021
9310
24930
17089
10036
10935
28137
23087
22175
13596
6027
19102
26136
27165
15616
16527
13837
13986
11526
20351
19707
1122
29414
15422
26716
14113
20164
17427
5969
3244
1450
23696
27406
15252
30034
10293
2312
27820
6070
7110
10976
27459
25176
4204
22541
10273
11600
16013
25931
27459
3609
23915
1478
20565
21019
25470
31236
27122
1271
9105
10390
10140
11925
17053
11390
23164
13550
16999
9566
29913
3479
7387
21861
24666
11029
11303
22777
1787
20955
23446
1059
27343
16674
23858
12733
26747
23408
24599
4189
109
15077
919
14592
17118
23879
785
7029
14989
21451
22161
3215
29239
8872
17447
520
28889
15451
7687
18486
18596
17594
10596
15728
5315
1979
27148
24381
462
20481
20163
13633
15628
2346
31327
26086
26220
23001
9639
205
24896
8580
21994
19186
8126
1534
25697
6305
17719
31939
4677
284
15124
31750
9647
30728
5268
16251
19250
6298
23879
19683
14393
11909
11848
9307
18976
18593
9788
18532
7700
24923
8205
2481
23979
26847
17509
17074
15425
15623
20972
28387
24855
23297
14402
18901
14893
22210
25018
25081
29658
25646
18395
19247
4401
32258
11926
23824
24850
30344
8774
10494
19473
32249
5227
5095
14090
27312
13094
16348
30335
20243
22386
12629
3767
10560
9767
23616
15511
14457
16303
1230
831
17488
6788
8189
14947
24978
25713
8164
22894
244
1668
22464
31575
21374
10196
25537
22336
20666
19191
16532
10708
27292
25152
32432
19293
15151
30395
15712
28326
14340
15849
22931
17558
14169
14907
31845
136
21259
16975
30060
31083
30012
2796
3267
25501
6852
4030
14550
24454
5975
30415
25585
22774
26490
19148
11658
29503
23590
10229
21322
32273
11320
14304
11742
12056
14240
6133
28030
7254
2116
1704
576
13120
23736
29558
23580
10394
18591
19873
28350
7443
14046
11690
9486
29343
22918
13713
12415
3734
21374
17358
24602
1168
10226
21774
27464
26110
15229
12461
23650
12935
29464
15350
1786
9512
15553
4124
13798
23049
3563
12022
32017
2335
9128
29309
23296
20870
4247
4870
5668
20891
25742
24638
485
2012
31238
2281
5994
14463
13642
3417
3624
21459
16734
14511
24625
6488
5807
15572
26169
29600
22398
19764
30565
18658
19980
21568
14559
15459
6277
8097
2322
7301
20142
7996
12995
31146
11598
4841
21465
8658
4956
17137
9191
31983
23787
8012
1660
1545
26584
24982
5418
23829
20016
3541
3414
11669
8803
28140
19909
26094
14634
25565
20449
31628
19767
11969
18638
14262
2209
32392
24112
18737
16397
29295
6841
5783
27548
24133
3701
3444
10647
29276
18132
27173
22235
8784
2682
13423
2308
26234
1224
27872
30300
13361
19753
9960
6017
18630
30237
2999
3800
9020
4103
468
8628
18634
19381
30081
20293
12305
10418
32207
20801
28444
23373
23171
4691
2075
22120
1703
26183
28894
9473
23535
4082
12563
32642
721
24802
13119
18631
11106
32458
9341
24307
19185
6826
32504
27634
23140
9663
6952
8652
20821
20528
25551
3759
23018
23925
2225
29882
31095
6790
19477
20873
10709
455
18174
388
8064
22709
16425
10982
14450
21328
29125
23695
20418
2374
23028
3210
29178
18660
29188
25180
11835
5052
26733
30993
18
20757
14728
1286
3607
534
17172
2423
14666
945
11881
2503
14636
10832
19833
25233
16543
17217
18058
13938
26494
18400
10932
6802
21754
20105
21275
28407
26298
1339
8428
3722
20657
16908
31769
17125
29117
30032
11475
10209
22787
2440
27595
27362
14349
32011
17703
4575
15775
16757
10821
13875
5468
11473
20017
24358
2077
2184
10470
26681
30987
2568
15687
7988
15233
16692
32220
1519
32163
18574
27724
25571
17340
17189
20381
4975
12379
29759
7468
14058
5420
31941
28781
16748
2199
2673
11619
32603
31769
1209
10717
2743
3941
889
31093
22309
7225
7011
14408
16829
14080
19494
28789
20626
8235
7264
30295
3589
25166
12098
22400
11208
6396
24584
14459
22963
7268
12055
15681
31818
3496
3314
22647
12042
32767
20198
7533
15990
14992
22896
28886
1508
20235
19568
13382
23815
263
15631
18543
315
14879
18799
539
9874
1738
4631
28135
7330
22525
25883
32452
13067
1409
9998
813
18890
19732
17832
32040
14656
19009
16438
14590
32256
8959
4549
16057
21594
25867
2316
31328
12203
20485
23068
14068
14689
2124
30153
18473
17360
28313
29398
32484
23735
6236
5347
17527
27535
9433
15639
30878
1945
27394
20618
28215
29093
15376
24699
8899
23971
14059
8238
3232
30698
26679
29857
7172
21067
13112
10742
19128
9428
16239
6815
22168
3683
26353
21577
716
16625
24967
1672
31686
17818
10377
18247
14843
17519
20347
30958
32608
31739
19812
24143
19370
21653
29424
10328
25412
15210
2379
2425
17678
12616
21946
6864
10970
14635
32250
7962
28839
4745
2392
28505
32410
27484
31380
7493
4545
30196
15989
6003
32646
3705
27435
23366
20467
23617
3175
152
19114
6870
30779
11046
21154
30404
26801
11711
11425
10789
22061
27436
3197
17646
20098
16606
1297
19703
17622
1881
14081
8652
5687
29795
23085
20533
16120
27370
32244
16773
31955
1208
7216
29349
22974
25048
23276
7902
23435
2501
6373
2665
21570
27224
8391
22712
3902
16495
7971
6785
22280
30301
14129
32654
4086
17429
21068
22599
25475
7444
1573
21243
14444
14352
11724
8432
29582
15460
4451
28464
15744
24890
14494
24335
18673
2677
17404
27263
21954
12133
26823
24595
27875
5928
27597
25300
4334
14048
14043
6598
24452
15770
25853
31545
24426
6649
24950
24527
30561
1445
30080
18768
18888
25205
24771
2351
28915
30044
22677
13019
22600
19223
2550
1478
11806
21139
31306
15157
10837
31007
25299
25548
9652
21590
25332
16600
15877
9673
9511
17754
752
17520
21179
10968
26524
14286
29261
17889
29951
4324
3338
1636
30983
19677
13992
20400
11889
19829
21536
5193
6499
13097
15660
24944
5321
9504
5252
18032
19573
21211
29399
17321
8181
15262
16522
11613
10801
1948
23090
11836
27084
32485
23507
21937
17975
27152
11989
24042
28052
26791
14024
5544
18256
2389
14558
6602
30589
12239
23075
19097
12019
5254
20606
10452
17445
27145
8808
1658
20675
29754
4461
14170
20500
7480
2918
11611
31248
21511
15987
11403
22335
16639
11193
744
18771
7163
21729
28658
1160
12348
24651
10219
13750
23072
20499
7923
20793
2695
10188
1990
18056
7167
7413
12882
5262
1461
11838
13819
31434
14363
15741
5037
17194
12120
2157
15269
24743
1907
7211
8958
24223
7741
8048
21757
23797
3842
3983
11293
5353
5103
19501
7897
8888
6466
3522
19515
4083
3635
8914
13351
23198
16291
4073
18279
29966
18568
28250
15221
31362
25622
9655
19978
5246
11693
23567
25705
19690
6790
14569
12908
18670
14620
22275
21834
10379
602
202
3630
1784
18569
5016
2168
22466
4087
9647
22480
7329
23911
19193
6639
12316
17979
5244
26668
8410
20066
9885
1222
22989
24578
539
28662
4863
26852
23496
20659
18233
27042
7944
23876
10841
658
30475
12166
23664
19056
31433
12545
21917
31437
22465
2732
18092
15931
6000
17530
27244
11316
23442
171
979
16077
11546
32468
1235
19999
14835
21163
6651
23920
7539
31379
5836
17956
4002
16874
32479
3174
5934
6931
10170
27028
6699
23876
12140
22637
27022
4623
17390
12028
9063
16050
30520
4674
2017
21791
7205
20390
7418
14537
26631
26652
15617
819
21769
22807
27603
29753
327
28463
3796
14876
1709
11921
25518
32078
1939
7466
20941
23555
27669
31377
29333
16754
3122
12727
27751
17645
17067
4176
31832
31911
9367
4095
19117
28735
22984
15684
26137
5902
20960
2085
438
3637
21042
2718
20932
29285
6233
4296
8995
2411
3482
28363
2449
10114
18169
28804
16546
31831
19995
28405
7043
13275
28385
22384
8045
5835
1473
12418
9451
5889
2787
26784
7115
29559
22015
31378
19939
24606
22263
13218
15499
23906
16181
10115
29909
11132
22469
7682
30349
1397
49
1647
2548
4094
4640
15560
8251
10226
9644
11434
6847
31911
29318
7671
5385
8695
18891
14150
3460
1553
25763
525
2299
30463
926
31888
3288
9205
6862
1416
3102
18015
1699
11667
8995
24233
1418
14942
15885
12491
29250
26515
1552
27803
31492
12674
12651
11729
20816
13713
4638
16344
3736
29796
32620
20826
18830
459
30228
905
6221
28271
2894
301
31529
30523
3718
2418
27733
18058
30170
6766
4154
21269
29012
10099
17041
10394
16615
1817
31813
9803
10538
1289
19978
32508
8918
17290
27580
1803
8448
22733
1145
7182
2581
21496
25468
12862
16281
5618
5565
21414
20638
10739
4172
7433
13061
2505
4969
1174
8054
31210
18019
30286
27680
26942
18485
4656
560
169
12512
6185
18962
20058
16265
19901
10858
14549
12625
26997
30160
9664
31992
20486
25421
113
28464
12102
28056
3123
25536
17102
13583
11866
5983
20078
16503
7181
20046
6742
14452
6094
19379
31996
31173
10952
21943
16086
6726
1503
16996
25527
15526
30327
18750
9735
20194
6913
5534
12197
3976
17227
21970
23708
30124
10372
17142
5000
22441
26896
23951
32709
27799
29712
23275
14684
1167
20654
32570
9901
5025
27948
24683
9180
27536
25003
19911
15356
16467
21179
22606
32765
21322
24486
14292
18261
24899
18556
2267
26224
12076
14301
7983
9944
20884
23688
26946
3363
2794
16039
8266
14495
23666
31958
16670
26814
9737
23799
2508
29761
28825
23736
30713
15911
16218
11744
1025
29779
973
19037
5321
9216
4216
3085
26725
28644
9825
29774
28014
29733
31051
3911
18719
9215
18098
7923
1588
11570
23431
31218
10371
11564
9387
18958
8534
17401
9772
5774
24717
20717
30017
17981
32375
25871
4358
1337
14956
14148
13815
14971
18985
9791
2093
31017
13811
5161
12377
6557
15720
10258
18307
26164
294
16662
11650
2006
27933
10062
9786
7753
8116
18045
22936
12342
18846
32373
4686
24310
17016
21837
22349
2597
20010
5956
15365
20195
20218
12403
862
3818
24687
19509
29044
27476
5867
1621
26646
24360
24582
14844
10748
26025
16299
14935
24777
22621
26100
267
16840
28896
22981
7770
27996
6757
13354
30481
25934
32527
10351
7222
13755
31988
21763
18548
11476
28396
6413
20292
15711
29981
27338
2524
26602
10566
27308
3544
18126
27342
12083
14761
6378
11915
1417
25280
26396
32339
8927
12665
8318
5187
649
30408
18789
15824
27866
1958
6425
29330
25280
27192
8787
19146
27167
24772
25210
16824
30445
7763
21405
28574
27921
12581
23855
10130
30459
28377
16261
9479
11523
28248
22031
13593
18817
23428
19543
1946
26031
12452
8636
5087
31552
8588
6126
15690
9919
17551
26664
9111
26281
17700
23343
19174
21321
11354
8206
1932
2901
2812
32142
22936
20812
4483
14966
9255
5517
25024
22662
27751
26935
9796
32308
3179
5570
15253
11044
1460
21857
30482
4968
24442
26645
22433
15739
15550
399
11293
16125
5648
19406
31618
13359
17184
31348
15060
20014
16390
10983
7380
5102
23120
3371
1889
12794
12751
4481
31406
29935
14624
5821
30247
19125
8700
21866
10019
26235
24895
927
27977
25464
14008
28063
195
610
25782
32563
17956
23980
846
31174
7192
12419
7021
21315
11985
3206
30113
31153
7468
6727
18597
30603
31653
16516
13233
13536
256
20004
12414
20783
26803
755
26907
20990
22293
4893
7537
8766
19271
363
1175
7777
27365
27710
21973
10552
13164
10576
25978
1422
23913
19492
350
28804
32102
29520
31028
14513
11923
30833
32406
19959
21302
24297
18641
1573
14034
7513
10347
4690
7706
7650
30329
24819
4243
4378
2979
26817
26635
28622
10994
6221
29116
18301
3167
26206
11583
11663
29467
16145
30001
30040
31646
18862
7591
1231
3441
17227
21586
25613
7354
27170
20080
25479
10124
13745
4217
29963
6891
22422
23428
4987
2976
16679
3198
21834
28354
10707
30985
1466
15872
21052
5685
24786
13230
32783
29920
20001
2709
28329
24556
13875
28024
12393
10277
20182
616
15573
27119
31244
15816
10095
22707
5070
26911
15189
23558
19077
2464
30618
2718
24137
4729
10342
20212
25302
3805
6351
16824
24658
12242
6516
1528
28353
27067
22494
13071
10307
3492
17046
6222
3602
2640
30212
26219
15421
16643
28173
2733
2084
6671
30827
18387
26035
17695
9162
22728
12125
20804
10151
10503
11486
2243
231
28368
29872
15517
16186
13063
1096
27611
16172
4846
11032
29341
19727
18312
9284
11495
27786
16074
31521
14632
16639
21123
5745
18058
21153
26889
1632
6908
11344
2983
28988
15616
3643
16072
15095
27956
12595
10211
17245
23457
22223
19749
22292
17605
8772
31456
12119
25186
30209
6837
7281
23555
21004
2179
14074
9042
28447
12557
13268
26651
4737
1645
14051
4127
22180
5692
16526
24217
25730
19837
4601
14224
22967
13900
9214
10977
22365
15179
3313
13068
30124
15560
28943
21433
6221
941
22984
1040
24447
24111
4020
4283
12786
29236
21325
25017
7006
4482
4208
20452
31713
7085
26774
30273
17437
14782
12241
11018
14868
32674
14471
3196
705
16216
2545
19808
27766
6616
23889
11609
13816
6596
32245
18674
20059
25553
26607
11622
18845
18675
16785
23597
1540
17994
2985
10826
15927
16078
9345
10070
1054
31420
31123
30795
24697
14526
1039
21008
4930
23773
27661
32712
12482
2342
28306
8409
6004
11294
25156
2751
31389
20710
30443
31373
32167
15661
2989
581
7232
10456
14344
24031
23349
7026
25486
7186
32270
15188
2147
18148
15721
6803
31862
30708
14870
19885
23937
1161
10486
22514
31682
11609
29587
14771
24438
32281
18815
11308
17688
18632
24173
22322
11357
26811
20751
3227
21998
14695
30389
21871
19427
27888
1953
23763
20738
11893
26666
1200
21179
15384
2712
12326
14817
25806
9657
4019
13865
5612
15429
31521
24675
25708
12535
9523
20345
15874
25446
13583
31788
11748
4520
4458
3976
24912
31396
26996
30762
22499
32057
18312
25144
27551
12306
14738
28187
7352
11846
23358
16893
19741
5298
19941
20998
22474
27671
27191
31573
12239
31730
14247
19903
29470
16925
30106
8265
7448
2856
16974
19557
17621
26488
11147
11247
4918
31004
13580
13798
23723
22130
8362
21994
2755
32125
1101
23160
16760
5123
31121
5606
27703
28776
29498
3615
7856
10061
1113
22303
30050
6631
9530
29740
25060
16671
16915
23513
3828
12654
8046
31418
18497
4981
24658
20712
4601
3423
14899
1587
23567
22773
8862
4391
32083
644
674
19655
25138
3186
15359
6402
6983
29593
3088
25080
14250
20586
6265
10734
5876
4289
12688
29201
7955
1672
5771
7662
467
18190
18286
11692
32295
5924
12465
27406
18747
24572
15539
25899
2873
26816
5858
22249
7134
20724
11431
21566
27323
1932
14354
23077
16202
15051
24648
7521
15543
31969
15279
13300
21867
6467
16342
30045
6744
22216
27429
11667
4614
8839
13385
32452
864
24434
2908
3533
24638
22193
30934
21881
15282
1216
9784
15480
30738
16199
23665
18980
6343
28603
17430
5620
25562
24247
29508
19902
16186
19482
5459
28336
30158
20448
14394
3341
20542
16320
3013
18087
11649
5514
7801
15390
1829
4669
25666
11484
3424
6634
4833
4559
18137
1098
8215
21220
24630
24097
28047
29511
5989
22352
28304
20571
28329
22971
21343
20346
4971
1248
1652
5740
9405
2611
1892
10919
17837
9787
28552
4940
10062
12908
11376
23004
30342
3017
15370
1469
22936
19000
30352
28271
26992
1187
12853
141
21169
7635
19599
20869
2687
22029
26050
7703
17164
7528
22897
3981
3042
25331
16739
25534
18933
23688
3575
21443
29543
880
72
21879
15129
16823
4639
5040
6133
3149
6044
14654
21501
26081
9890
27302
3858
1659
4102
2717
24963
9182
30326
9542
2652
5787
20266
7723
21867
22516
22605
31996
9490
5237
20776
29961
19407
20307
32786
895
8586
21123
21018
16485
164
26521
8305
15956
5819
5477
26520
5368
13629
24142
31821
29258
3507
15212
2614
20106
1481
20583
26698
7934
3871
5138
3842
9067
11986
27077
15427
10839
8394
26495
4362
26619
17088
17590
13524
15369
13076
11779
19154
545
20306
31089
17615
18707
32384
30624
24543
3285
29480
23964
22215
20290
20777
894
5680
11159
25405
29639
32394
16558
19529
1911
32705
3575
24679
2799
6817
7994
4531
10123
5129
8974
7384
3582
26065
18455
24920
7531
14715
32001
4510
840
30875
28479
9925
4081
16135
25731
17445
15373
15038
19196
30369
6820
17816
7250
31666
