13315
17593
28520
31800
1342
6557
21694
26350
8372
12595
22997
22237
11023
31851
20240
12619
12587
24230
11381
26514
4778
24040
12591
2217
32089
8382
6594
3697
13637
1518
2314
4798
9627
25060
32764
22572
30275
11736
32795
21151
8763
13503
13495
7062
19124
2551
16104
32312
17134
21936
77
1819
4306
17179
131
17364
24147
7252
18790
7746
6020
24591
22026
32665
12664
23812
28791
10032
21981
7962
6694
24842
28502
14933
23358
2086
21148
16257
5261
133
82
26266
12360
5375
15275
15105
19841
25797
29116
21856
17004
19637
11681
28504
4433
30816
5458
23791
11343
1755
11074
14267
9173
28488
20668
18381
7136
4386
17660
30303
9204
7243
7439
22076
19932
15574
28778
3570
7968
13973
13900
12217
14665
23648
4051
19233
21719
3882
31456
17533
27389
12484
10665
15889
10784
13934
31522
7933
4373
18210
20493
1000
19733
4512
14554
9580
13952
17976
14408
69
2135
24665
5816
19255
11893
11228
594
1730
18066
12816
30680
12934
12279
31364
12364
29815
17921
19351
3908
15808
8535
22208
19976
14711
31722
31901
24431
4357
5040
5309
18558
21074
10271
25900
27068
947
28266
13762
30038
12692
6269
11050
3574
484
19129
21940
19043
6467
7278
8155
6616
24044
32540
2196
17700
25698
10345
21851
2181
4573
23265
10237
579
16499
10607
9253
29198
28933
4510
4265
1304
22254
2191
8337
10993
18797
22200
20459
12069
26317
24161
80
5013
30040
10461
16691
26520
19969
22154
28655
6097
23756
19851
7055
29390
764
17216
22619
24165
26371
31881
28455
31181
32296
24766
5210
10366
23544
15211
4799
16840
4973
18638
5646
24885
13791
26897
312
5022
15278
5703
31860
23822
25259
31015
9997
21338
20041
14474
6377
18811
30088
24485
8152
18353
10908
30469
25761
19545
18528
11342
25548
4489
20860
9394
26159
21359
3416
22066
25914
21358
28350
918
1794
5108
20561
14125
7694
2332
21169
22597
22756
14856
26730
14184
3409
3835
23456
11611
19323
18487
22907
10454
9383
22940
20306
18178
20938
9980
9625
21174
9680
23870
9354
18032
30638
25657
3734
11540
28713
9549
15498
32103
26468
8897
18304
19530
15914
7136
3211
29110
24320
14801
5664
31866
21224
313
14149
4278
5622
1170
25724
3349
6035
4936
5740
4812
4755
24983
16979
19542
10488
25894
13358
3820
28546
25186
22181
12997
21758
26268
13496
15889
4426
10977
16682
16054
2090
7067
12208
28359
19405
235
27608
32713
11036
963
31162
10404
30664
3013
19552
21097
28689
12766
24053
32712
30807
17313
5552
19279
4194
4964
18301
6243
12400
4380
22896
21247
31234
26616
23273
23086
26725
7358
6534
29000
27906
26854
32715
21485
9060
20091
18835
18629
2317
8365
23094
20213
25849
32054
16502
16992
19182
29297
13362
4771
26249
20026
6600
26829
31240
20871
22344
22496
15575
17602
1885
29706
1500
10476
22010
27810
28033
369
4807
1252
21381
29387
17737
1899
29826
12761
20180
4210
31548
32764
26160
19146
14767
12278
30988
31641
30166
28546
16166
30935
30268
20914
2870
26248
14915
22026
9630
22201
2614
26720
15570
10300
19215
5489
14215
16418
16904
28739
29854
31228
13283
25661
17614
27344
3065
28678
10772
21211
30467
1312
10458
23051
7594
2115
14056
29499
27343
11897
5132
555
2458
13054
6283
8261
1860
8661
17735
7185
17572
13097
8621
3956
9082
29545
13156
10411
7038
13345
7094
522
8998
409
9916
9331
6202
6446
22603
4248
5144
7282
17057
27376
22471
32005
13005
9849
15292
23857
32482
18993
20334
24903
475
11605
5275
11708
4428
18006
599
3585
30925
26784
15321
37
18213
3337
9988
8492
31032
281
20151
13869
20145
6399
15571
20013
21615
16462
14352
14525
28848
1402
4479
19796
31998
31765
28125
16236
14812
4552
13981
31582
10287
12819
7859
18429
5229
21700
26401
10484
24454
21302
20289
15839
20885
8272
23767
6699
583
16188
26581
20910
8967
5347
5612
13829
14061
28716
12759
176
1131
25848
2662
26094
19635
21979
17739
19544
5354
18586
20902
9534
3342
24935
26193
8644
24743
8413
14316
16571
32047
16573
21158
28992
6721
19301
17361
17942
3971
18964
32547
30146
17492
9695
11211
9066
17716
6001
17723
11374
19190
16773
15278
30403
16296
21028
126
31762
3389
18077
10792
3475
16895
11847
7195
3241
22198
2040
24131
5180
8854
5700
4183
20186
18669
18037
9445
30091
11401
1614
20504
13174
13545
9341
22096
27192
28970
6115
9824
4864
25774
18822
27556
14442
2445
15698
969
17696
21692
13715
1114
9008
18430
11570
15372
26669
23949
17585
23497
2568
22920
32231
13182
22699
19738
25210
11940
14425
22382
28959
31887
22728
28757
28051
4216
25850
18611
28504
25931
26591
3246
19248
12592
25003
5012
13145
29915
18935
18831
10892
4755
31385
24331
9654
22786
16195
2530
30836
11714
1501
25676
26703
17315
27553
13704
699
2236
8955
12361
4560
14392
28189
29410
19397
15324
10853
21808
6448
18778
10349
20553
3582
26455
19702
3049
28978
17981
13941
23959
28513
6337
25465
17818
21482
22579
5571
13727
25845
8328
28195
11558
15920
4135
32018
30639
17994
22389
17427
6312
6957
25633
25545
12564
4350
21552
29399
27387
8150
7367
14715
13972
23612
4283
19945
25907
22121
13017
19815
28147
31802
32756
11819
26659
23027
7346
26103
1904
21944
4885
24945
9687
16843
3019
2115
10055
24966
12085
18933
17176
15638
6713
28557
32559
24572
4807
11746
26861
24132
26667
13508
22492
15489
11032
14028
17943
5775
10606
9730
2683
8454
22994
8500
145
24960
8940
19984
27194
14731
10877
7175
5912
8300
6184
11232
7616
10136
30716
22557
12960
9713
10434
6673
26800
9667
523
18365
26586
29052
7671
26221
25897
23342
29382
3606
26803
6853
10271
6508
11590
24328
21538
7877
9685
27984
3119
28080
29856
27657
30067
3411
24613
13291
16695
30600
4553
17400
16615
3254
10821
13364
32227
31856
30673
17191
264
7886
23058
23058
13820
31373
8131
9203
5691
29671
27173
4922
2021
24627
25126
29255
7237
31291
19283
23208
6688
29536
16510
12055
32706
7535
9774
29741
26825
26944
7883
9191
942
13843
3205
22494
792
11690
27911
26180
14047
10533
6879
19872
14561
23200
16554
2888
22920
14221
2562
14498
14358
24530
24104
2841
12982
32161
12401
4832
6722
23065
12912
21609
21972
8864
29671
6307
25102
6909
15469
4085
22568
14392
10974
9213
26814
24626
26246
5128
30293
18946
28172
14415
15282
15124
20511
2039
10714
7427
23010
15813
27111
10289
1815
14244
11919
7979
16398
27863
16756
22205
12618
5884
30764
1750
18679
27079
32015
8221
9743
30075
6084
8784
1350
4135
24969
12128
30649
24998
4420
22348
28506
28243
19277
22719
27929
15502
8440
21099
23761
28914
11236
8483
27384
32082
28933
26297
24581
15991
30577
30109
19871
9371
16109
7473
6538
17060
567
4845
12881
24608
28944
29750
31154
27139
19983
7421
12493
24098
7207
20250
29195
3437
18421
26213
1231
20719
30921
5529
5854
3462
30074
26600
10126
8801
18665
860
12464
7740
4689
26610
22844
22364
11603
10104
15809
16972
7620
21026
6795
9046
27444
5102
25490
30400
22589
16060
5669
11210
8593
15660
20569
3689
12481
10805
31282
31682
28365
2441
3214
15720
8815
23722
16852
10068
1574
4298
15456
21672
516
359
28332
7971
13623
2978
20798
11618
15192
28258
12885
13276
22902
29483
11089
17562
32480
7102
2021
18873
17844
20592
11006
1695
24363
19275
15729
15359
6050
15333
12903
19086
24167
24579
28040
28801
32072
3307
5865
32205
27611
25995
26804
6940
27277
14670
668
32656
20844
18362
3838
12603
16053
25801
17879
11354
4380
14860
6506
3411
23004
8320
6316
6516
12932
20269
21365
16999
8831
23170
19559
118
95
16499
17565
8068
31474
32079
27923
23237
13825
25953
18903
25411
9960
16205
21235
11537
7386
23335
7960
8011
8432
8787
9226
725
6645
23583
22734
19406
24564
8993
17813
6616
11133
18256
19814
2826
3258
6371
15757
15792
22069
22508
28358
7368
10085
17586
1063
21307
764
3283
5073
477
7410
4373
17750
5158
19536
16399
12776
20398
19646
380
4678
31337
15307
28249
1638
13222
32253
20931
738
23495
30622
11921
12322
9920
17731
17843
18253
13649
24604
22856
14576
20739
23037
10369
10602
9954
7471
24632
3870
7422
23543
31822
32342
7842
7138
21960
28408
31570
2261
22951
2027
13445
31704
9355
15430
22055
24988
32517
17981
13771
27857
30399
19403
13491
16425
4173
14622
24704
31785
19920
7367
3769
23735
1616
4509
20220
21083
18901
627
20485
17243
20041
21376
4962
24697
8464
15753
3058
14728
6499
26319
802
32179
18288
1467
24806
5005
23602
6474
12921
29911
17936
825
3027
31252
32311
4080
8173
461
17079
14382
11190
8099
14687
10360
4052
16152
14168
23106
13594
26141
10626
19162
6092
858
22929
7191
5525
29761
3047
10950
23107
11984
12847
26319
1863
15143
11965
31017
29167
26832
25767
898
5215
27592
4257
1453
3412
19791
9883
13514
19095
23669
12316
20535
14914
2655
26460
16441
7861
24156
2852
2664
24918
28075
10084
26590
32779
776
20120
2335
29047
25083
32731
21446
7158
20960
13766
9716
15192
23733
23057
27511
20832
28069
6632
4285
31996
15193
22281
8055
21569
10744
12705
4363
7467
4353
26346
8897
280
4304
131
14251
5887
25576
4237
5203
24692
22533
30345
39
5468
23266
26868
6308
23151
18121
16286
25156
15985
23262
15054
25384
6703
2859
17174
21380
12090
5226
24054
12237
8549
32660
21298
14500
9983
301
16115
11392
3024
24653
3231
18205
25300
20845
5752
21159
698
28919
26103
22182
10522
18826
20709
12455
24696
4623
28476
8878
1275
3966
9666
9053
1004
18032
16737
31715
12783
26724
24391
32678
21507
10449
7618
27055
14139
26096
20952
11225
29497
20805
15785
15287
13166
1009
900
10569
8979
10937
20937
2909
22500
13781
900
3526
22434
14457
12741
11582
5190
25635
29120
27931
31493
19369
15272
4788
29190
23041
13899
12945
24806
10447
25454
6996
8167
8879
26853
27240
27129
7493
29304
22126
11633
22279
26742
31586
22402
1224
30488
13456
30333
23300
8855
20538
20174
16110
25612
10501
16049
2873
2826
28967
3254
5289
24572
15184
31994
23128
17214
3420
18722
3528
17661
2229
22294
24236
29135
29832
19074
13940
20496
13743
19724
20381
18946
88
10580
21685
163
20344
5296
29488
17227
28147
17316
3566
10253
7560
9506
31623
202
10108
24709
31835
10516
25356
29262
21596
26824
32146
923
13464
26472
4212
22635
24712
27707
20688
28818
15130
26406
25832
14205
10111
32329
11086
24230
27061
7256
32719
16085
29394
15294
18976
23579
17686
27250
25162
26766
23470
17046
5845
25028
16968
21461
24757
9488
18522
14713
4343
5758
31793
22861
1067
13967
22972
1848
10127
17076
22805
2453
23553
15500
18643
14932
673
29660
8209
16593
16200
28497
13372
8309
15531
20471
32415
6161
32333
2935
23983
3572
3112
6418
32278
1234
1050
28000
22400
21844
23824
24776
26920
10365
26612
23743
8737
28354
23126
27584
8548
20455
28380
2061
14748
20379
26474
17705
25779
8914
32017
12308
4891
29156
2488
580
733
873
30603
870
2659
3026
16934
13784
772
7622
5504
10724
16211
30530
22167
5054
14631
10095
8673
59
25448
18752
2926
17493
19358
20178
11484
865
30522
6530
19713
26637
10402
23246
11609
27674
30717
31212
18731
19166
27587
31275
4734
31351
32003
7691
30910
18383
13169
17182
17709
29011
17718
12956
6410
23665
26230
25288
6531
16854
13472
25860
5466
27747
27001
31925
12377
26355
16870
6872
24694
13519
17531
14944
18629
28908
21446
22869
15904
28650
14427
2732
408
16588
3743
23783
31898
10359
17493
4460
2784
29675
4585
24741
7709
15682
7037
18138
18277
32619
9654
5584
29280
5286
2630
18209
24110
31678
22584
19289
8216
32777
19455
20948
15355
8223
2876
17754
7796
20316
20561
31094
1226
28182
29097
17561
7838
5278
28868
755
30036
3319
32004
15883
25920
5976
5690
29987
13455
21859
15086
16973
5115
30753
20081
22604
5421
3267
8867
5419
25327
1050
20867
9630
18201
20690
21114
29979
19001
14450
30568
26296
30976
13075
15723
4802
7023
30177
7537
1312
27076
1108
18562
14444
2851
25645
31692
18892
27143
20530
22637
8596
10855
1449
27396
3229
19879
2198
20214
611
20548
31411
6527
5088
19774
24882
30847
16171
29507
30004
12544
9166
22432
23304
27017
21482
29415
23587
27686
15884
21343
32738
19506
27596
20783
7937
7145
4394
20553
19929
7601
10407
23575
14683
7458
6181
10471
21200
23514
6783
18198
26189
15874
27111
5119
30712
8863
26371
13473
1021
5017
14533
9745
32076
14731
8460
12196
10010
16206
509
17114
9492
4422
20514
5388
24163
9322
27967
32469
3940
12565
10231
27969
9763
3471
23586
28854
17820
5209
28652
13733
2992
16954
10669
29424
30183
30733
6794
6681
234
3144
6606
21807
24254
6219
3336
7800
24513
11629
30948
32221
27237
24006
5834
14360
7597
17596
27447
31647
31339
31567
6366
22350
12086
9252
27773
1751
25388
31571
23935
24809
7021
5616
32598
29475
5969
15706
8085
6069
16238
4676
3278
4314
844
25479
16945
30200
16869
25765
29663
32403
6366
12315
14354
30453
13959
16751
18670
27294
2707
21236
6948
20589
29079
19294
17739
17547
14147
9993
29694
7194
2913
2311
26292
24225
17809
24558
12642
28980
5056
19038
16081
32614
28525
10068
20415
28143
30107
32304
29367
25372
32147
10887
12464
12538
2657
30633
27239
11584
29452
6128
8828
17151
23955
9166
12366
18955
26794
3219
6038
28713
8249
12034
197
16372
6288
29074
3613
4503
19562
6787
2448
28970
6566
18854
10075
18154
30918
16875
22881
19740
19238
28330
28488
8126
23548
20657
32596
29170
28691
16145
21510
13610
70
10152
23155
15891
31422
15212
19812
13122
9962
12925
6449
20895
2113
5096
13405
21140
23482
11579
26865
32756
3078
9676
19096
16812
14483
22984
21886
12588
11072
26877
29160
32402
22752
9575
22675
13211
18543
19835
5068
8265
32022
15926
6483
32083
16095
2276
14574
4176
24120
6321
23504
23971
20008
21487
20647
13348
12626
25899
8326
7826
13740
6128
10359
1722
23295
30041
29662
5733
32797
3161
5006
8710
21221
4552
28077
10528
32502
17460
16968
14456
14133
16228
24756
14846
30208
11179
18858
32379
4142
29938
14880
3322
30413
30082
23272
1015
17306
16532
4362
6216
27710
30874
10977
32206
14413
23882
26102
17883
22015
32110
2463
32609
10667
14445
4694
9439
13319
31639
10714
9226
11041
26420
26631
2878
8731
18251
6260
10402
23465
3121
208
10014
9036
11993
25597
29948
18762
11476
15849
94
7538
2092
29743
5478
1171
30437
30576
27166
1208
11854
4464
9259
25636
30219
23538
25654
14096
28387
7252
8981
30758
14665
32746
27835
1980
26539
29978
17637
11728
26749
7483
16768
31430
21508
4909
9947
8931
18914
694
4497
12423
19044
19618
31284
10540
14221
13209
7864
290
27105
19903
7589
31239
1266
14093
20219
18440
30635
16496
9955
6617
21598
6053
11801
24436
27791
9170
23580
27539
23677
4835
24338
19437
29300
21418
7548
29748
7636
30902
32159
6090
20960
16365
16045
20038
2118
15091
28596
24232
20337
21560
20558
19805
4240
11488
9987
2292
31077
3927
22912
20893
13775
29359
21114
14181
25877
19136
351
19250
30455
8445
32705
24192
23668
12822
10370
28120
14427
3154
11454
4627
31635
27305
29308
5203
6442
18595
18707
189
15902
27378
16221
21494
14573
22737
10141
8035
31966
538
5424
16415
27916
3624
24566
1210
23351
3954
31101
23991
26185
6115
8178
29890
9385
27130
15047
18100
17986
17061
27939
7239
6738
30685
10766
32154
9459
26625
22104
31842
12393
30194
17483
28915
1583
3569
5399
1524
15298
28474
19448
11995
16171
13920
7976
25902
3918
25702
21127
18553
19444
24225
10251
32013
2457
9040
12776
25980
5366
12023
4734
4823
4684
20094
30214
1957
9333
23053
20987
10658
1963
5285
13897
32316
19478
11389
15414
3532
7191
6178
24339
2455
14933
19532
19106
4227
9099
1665
27461
11928
32782
10346
19434
29500
20768
24568
3513
14893
1527
6197
1402
830
25739
28394
19143
29905
29218
10997
17654
25878
18332
28519
451
1545
32127
10080
25025
4131
7104
26282
26237
2021
14678
15125
11893
31242
14206
10903
27325
19078
17614
23074
23150
29248
5115
6468
6094
18323
29290
20096
17216
11653
10871
110
22513
17860
23944
30612
13886
357
16848
13569
12262
11354
28642
14766
8692
20407
11260
23187
26729
1700
22288
7563
14252
8735
29585
23272
10161
14202
27138
8148
31979
30094
31039
3438
31474
23747
32392
12447
19699
13760
338
3776
20442
25328
11981
25324
19008
26811
12595
18468
24086
18560
3797
19496
16397
2644
31974
9999
204
4477
20996
5035
29648
6061
1164
1183
32800
27389
24730
12860
26296
19117
25056
15646
19121
32416
23854
24969
1843
1424
26044
30596
7963
30229
6712
15281
21099
28248
17810
7410
9589
11926
32650
2749
26054
14933
14581
57
30930
7272
24530
18464
100
10660
1808
13651
8386
24159
15900
19516
29859
12972
1068
6375
31440
343
845
11742
2460
23968
32557
1992
5124
29626
9128
20927
19621
20482
7955
18036
29281
10495
13387
10756
21199
2076
12412
6295
20070
27942
28848
9661
27239
18567
25374
2184
15502
26687
12335
20584
15480
13222
30543
24264
18130
20964
19321
8557
24134
5931
23424
18825
30245
21689
29212
31649
21202
26511
14779
13347
19444
8688
28675
23749
31834
27547
29993
20127
11181
13512
25333
15622
32216
6115
6032
17709
13366
17930
24595
7805
3200
6727
11984
10159
2420
28556
2397
19630
12612
5490
6756
302
3524
32689
4907
19467
31314
3166
18661
8034
2948
31974
14774
31088
7315
32204
25992
2604
20105
22820
9871
22950
1323
12238
30108
11037
11687
21875
17957
6371
23294
11072
26128
9456
1071
5475
3394
14918
28711
26440
2281
23306
7018
25234
11915
30557
9089
9435
718
10495
1059
8237
16390
20387
12833
31290
10367
18958
24601
28261
20622
18424
30936
3695
19543
28833
7053
32254
27998
23089
9651
1235
31696
3536
5819
5063
6030
5256
22907
6281
11517
18653
16218
15384
10638
26920
14647
26625
23566
9911
6685
11865
11438
11685
28584
28792
6353
24953
15412
24698
7832
19073
7883
14709
1070
28651
13515
19065
9939
6823
16728
12363
15785
15614
26247
23009
15424
31472
31815
13212
16610
3921
20750
5447
15006
2467
24648
20178
13078
8369
19070
28621
26632
5615
6984
9638
8349
26002
10483
19618
27252
16241
6641
3995
10860
1177
23556
12927
11573
17843
6441
25475
9108
32278
30277
12073
13943
1961
10128
29431
7871
896
9923
27379
27847
