13106
5890
13790
27572
32510
8843
27704
19592
9374
24092
9712
1245
19175
32293
2791
3457
30246
27058
18987
27831
6456
30485
5107
14413
16237
24149
29275
31583
2844
11608
7390
11241
1284
18898
8855
7182
30824
19692
1847
4905
22505
17587
11972
31382
26402
10054
13334
19008
9476
958
1553
8426
13046
15579
26530
13373
13483
22898
11897
1172
25791
13976
23691
137
23068
10127
28742
1087
14855
20332
1938
24685
21255
16525
12684
21805
23678
11708
2816
11401
22276
14626
425
24769
18820
11501
23082
31324
22296
10687
21706
4596
27043
5852
3314
8641
27955
24594
28519
4834
22547
19814
25414
12909
31666
131
451
31292
23095
25570
30880
22900
31967
6073
29550
26837
1820
10404
10118
14020
622
7188
24261
5912
7935
7802
7433
8870
25856
24370
15470
21134
4805
26161
7240
25410
9121
28525
16095
27482
15234
6159
29165
21018
29516
26969
24023
4542
16885
3415
6060
29068
32356
14664
4577
9110
13832
6602
1992
29265
21562
19655
16341
27097
22099
13602
16528
10498
2188
13345
21592
17950
1944
5272
30685
29584
770
13274
3930
20500
31815
13406
32405
3786
32434
17971
32662
25351
3065
20773
21545
23514
14747
3243
11796
7007
15095
20886
27160
5574
21548
12665
31144
17442
29106
8153
5995
30450
24764
14613
8818
13423
25674
29459
15417
20122
8976
17326
1374
7427
10762
2274
5410
1625
32731
16052
1955
17846
1256
20193
16086
6055
7223
1613
12870
15101
22792
31785
27022
29013
11567
30433
32150
27495
21559
6860
15503
19729
30519
28305
19631
13602
17778
345
27051
29926
32175
16057
6393
25461
9310
15453
28866
30906
25190
3444
19880
7237
18639
26590
4924
21457
29972
10007
21308
15763
21060
30944
30608
584
29405
16306
19201
11003
16232
30435
31934
1689
30163
9365
31375
2869
13713
9569
15830
24347
5235
24007
26441
30102
30787
7506
17776
27520
12580
16270
8672
3981
4268
22186
28980
16983
31165
27628
16846
6696
9510
8664
1362
30346
5885
17438
4317
28559
186
4422
28680
19679
3091
18973
26272
28805
19098
21213
15649
24953
17942
29215
13302
25068
28068
31104
14706
15702
23436
25621
16013
14912
12259
13966
18013
23504
31717
11563
3162
24344
31247
867
23888
8223
3839
24910
32547
21163
20235
15062
17222
15059
1186
11424
8184
20807
29541
8890
27715
32605
21507
21764
6836
24282
17623
25951
3802
10629
11075
11159
27007
17516
16842
31505
26536
4851
20207
28211
12365
32160
16592
917
11480
22696
10624
6380
18526
5688
22567
4017
12703
28804
2779
10132
31678
30608
30011
23203
14783
11968
6096
18233
28868
9760
9251
29607
32006
15219
27036
30627
17813
28413
1824
22388
23247
30735
23913
7385
23456
1366
32291
31165
15742
21731
5067
154
21280
4088
32325
16049
11780
5784
8258
17383
13984
9932
6479
25725
5987
2998
26813
16502
22129
16471
13619
23751
14881
12831
13587
23103
21557
3896
29584
5684
20438
19601
28298
16625
24150
20396
18736
13794
24227
26663
3923
8571
7052
1291
17802
16620
15542
20950
16906
18310
18012
10057
2626
13802
17353
31730
12600
12023
30870
16504
29350
5744
13474
21416
1747
1391
9941
31298
27441
24717
19091
1667
7098
7117
19456
7026
30986
30796
32505
14314
22331
18345
17613
30058
29060
308
31934
9887
16016
13528
23355
16812
24988
10184
17368
16958
13402
9964
532
28499
9601
23306
31946
12485
26670
10931
16499
24729
12294
30195
31777
17417
30216
14262
19771
6226
560
22779
30199
24380
13776
16826
23194
22381
21165
29589
24946
19565
15067
14913
4494
10872
25944
15794
3139
518
874
520
15711
26394
4792
8507
24105
22605
22570
19080
10015
6553
32640
21401
19565
12005
23476
26487
8495
25171
1039
7983
32102
588
18956
4166
17082
17223
17391
7388
7157
29020
26660
4514
21306
23948
30040
23932
23304
13005
9048
28405
26097
7895
22700
869
10519
31406
24817
29668
9582
24310
24569
19436
5036
20466
32164
13777
20239
27993
1660
2272
23254
20960
32019
1369
24188
3718
22556
2573
13492
28063
26953
20437
26919
27042
10474
30392
16623
947
25153
28891
10705
26094
31909
5927
11325
32120
23902
29628
15367
30790
7738
3608
993
21162
5361
17670
1950
24738
26430
583
14632
32479
10168
21505
23612
22422
14196
14314
21739
26377
26715
9268
15569
11220
7243
6710
23314
12023
23791
20191
23320
20390
10334
13530
24077
32467
28277
29824
17176
22135
31476
7552
16985
14498
18522
7759
13990
25160
30592
19793
12803
7625
26614
4037
14563
317
11553
27249
16416
25733
23568
2064
18873
31505
28193
381
15440
15728
13399
29599
20833
3739
6008
12051
13891
18689
8424
3482
15327
8018
2120
14664
12593
32011
16845
29032
17538
21188
18784
6449
1889
31291
9850
7210
29030
7711
25788
29788
32165
20892
32080
24124
16115
17322
27905
1622
1755
14869
29467
15545
31581
16459
13572
31269
14188
13799
17046
17141
21028
10496
14145
13261
26830
10290
29668
17410
1939
30823
11621
2508
3330
23149
19478
3118
25667
19513
22471
28320
12824
29171
27818
642
20632
4809
29929
2623
13738
21876
8968
14915
8257
10376
26875
17309
10332
639
26629
29810
3515
25987
5462
14888
24928
21246
3939
4430
26060
6881
24579
12108
16886
12983
10061
29135
25354
104
27443
24561
10469
17612
2013
18731
14675
4598
31942
19962
5637
31037
4760
24146
20820
23818
5575
31174
32184
4708
8686
15732
13317
15931
14828
2993
19562
6774
10429
22904
9769
3773
26391
28049
6677
18693
459
7555
29648
16864
15578
21563
3521
22659
28497
28281
27606
29331
21485
14590
28926
19383
19054
7286
2916
24796
17849
17189
29548
9032
25263
17491
22893
24417
25551
8567
7730
825
3469
8486
29233
12512
8047
21433
30600
18537
26092
19904
17083
21944
8452
25641
22063
3601
15262
30254
29796
18784
4004
4354
25845
9031
13023
31034
2128
12268
2195
26109
22068
28799
5081
31210
8942
29581
18110
17867
18258
19719
18975
24830
1914
21008
31298
25501
21567
17543
5171
20083
17275
23131
20452
11423
23292
19593
25347
31492
2631
23029
10392
8567
28434
27118
26982
2471
16509
14974
254
8137
32021
18036
23458
18699
14217
20273
2270
7093
7721
13877
24295
25886
6434
4712
27314
18773
7035
11561
10451
2187
717
21270
17178
13889
8645
9376
20206
28214
20826
21069
18535
21261
9420
28874
17965
25280
7267
20663
8723
27847
29412
1585
4721
13831
25042
3102
28741
5756
30824
12091
9735
7333
24921
11495
846
689
13124
12715
28967
365
10232
9103
17201
19692
22125
25631
8568
18164
19326
30263
18197
13099
7526
13202
4489
30980
22015
32276
7380
16234
20412
6361
26711
28201
24930
5373
16494
24864
29832
32296
26828
22823
25300
13024
17300
30400
13810
5261
28988
19072
9811
31562
9504
18234
29866
6513
10983
8688
31270
15077
22681
27513
2927
3100
27004
28658
2657
21747
32178
10213
17034
21296
14994
18235
27747
8405
18377
13793
29521
21035
9520
32314
23129
14216
5481
32075
23462
28390
6467
24736
7867
12581
14283
15872
8567
1818
3884
20693
12237
21087
27215
10584
1599
21976
22322
22910
31517
10759
31238
27557
19074
18703
6411
12029
24842
7817
7466
9655
16723
18185
854
8431
24633
27502
31394
22105
5071
25581
11041
31661
28959
3803
24961
13266
13473
1852
7013
22989
4476
9998
12422
30055
895
341
5255
26015
32732
16358
28059
3285
8361
4339
31703
2739
10006
4185
3414
20441
28781
22699
31506
5967
14798
10237
27261
4522
20136
17520
20450
19963
32246
3202
28029
11388
29245
24338
19291
26360
18503
18228
25585
31485
159
6073
382
451
10187
25212
2080
16858
20811
30573
10424
1685
16724
22366
14461
2361
24908
18064
10593
30692
23300
27387
24359
26174
30391
8799
23871
13282
6085
31758
2408
13449
29742
631
32515
9722
25296
16497
12087
16308
23647
11852
18889
26711
2856
29335
10936
23766
1411
8880
18586
21854
3868
28432
24505
29700
31970
26452
21995
2353
6091
16907
4917
31181
6733
21569
19230
21293
9371
9422
29395
22717
17313
18269
24574
5996
26304
27454
19558
19162
24649
18923
14918
8258
19642
24923
30061
9000
31930
9737
11544
24513
15828
6339
25234
1830
7670
27698
10376
8503
1447
9772
28461
6223
17675
26812
22801
10925
28567
20204
21696
3484
8851
2392
30492
20072
4691
9843
21113
15614
31283
12950
18045
27752
19286
7117
1205
5351
13854
1376
17911
25581
27242
30499
27770
1474
10898
5245
3766
29936
3363
18233
9979
23412
2393
2574
25555
4517
10847
16111
21783
1763
1352
15635
29138
8191
19915
707
13017
22381
9664
14053
15909
11050
862
26187
24310
9325
18993
10427
18089
1296
29405
6589
21075
26300
23956
20776
20773
22486
11095
18281
1919
16939
14831
20888
27344
10076
7848
8507
21042
32523
15314
29655
6089
17091
19704
24124
26327
29608
1502
24461
12958
9698
8252
10256
4606
24008
29755
16313
31689
19150
30642
30839
8167
11312
16416
22589
22829
27482
25448
26319
29692
14365
21326
2896
17819
12946
4019
25998
20565
28364
19347
20235
28753
24128
24762
28618
19764
27380
11848
4830
3192
20586
15850
9907
137
32329
19413
5402
20643
4304
3457
24341
21868
11001
21289
10342
9811
15982
24581
7896
5032
3376
5445
26956
2424
28929
19404
2690
5933
13462
30897
25516
6120
2685
30837
17075
14235
28110
7427
10310
20712
30867
23147
12710
24508
31735
11870
21043
1194
26161
7784
18613
21768
16941
26863
31850
29643
23807
17645
11731
12066
23815
19567
10045
7891
22243
28108
22801
32599
11289
32677
3547
17847
16255
21408
8731
10276
19312
25570
27597
5975
26032
30545
15801
25773
32026
22662
12923
4353
23823
31635
11089
73
670
11897
11943
3567
20338
12390
4706
15860
26238
19377
7663
1732
15978
20118
4106
28633
13755
32433
13389
274
13509
25403
29823
16080
10576
517
4505
11989
26635
27447
28823
8668
16308
12233
9987
15863
18947
7869
13122
1450
18010
25889
3228
22475
2605
27846
30476
9238
21297
5567
18123
20627
1862
9883
32669
2984
11814
3938
31706
1788
12490
23377
1851
22289
10911
27988
6505
29599
22636
25414
7237
5297
28929
15338
27128
26753
29599
7079
28345
24083
14377
19462
6752
146
19727
20972
3501
8045
28405
13975
12119
16176
9765
24408
5335
3875
21946
4117
27378
24483
18568
29820
18951
21826
1997
19463
8732
21664
1944
5298
10920
25350
29947
20606
545
30663
12787
16804
26949
31319
19219
14745
17960
26919
29427
22213
23297
25926
20314
19714
23731
7864
9260
5333
21788
23956
10260
7534
32032
9183
3825
23903
31347
9257
5633
24095
11561
2284
7630
7741
30975
18591
7643
26211
13926
668
32269
27920
14163
8374
8666
25876
3015
14744
12595
21194
29216
28638
27440
17431
7964
18933
3713
18213
18865
16051
9104
15327
9871
29365
13429
23596
16241
25211
16034
5866
21030
30020
27210
6576
9059
13480
21391
9538
28997
9466
29042
2258
29095
31323
26234
24572
2088
9885
18209
28542
8186
31709
8706
15546
21867
24541
21955
15340
23348
19493
195
12586
18308
5848
5762
8223
13514
16471
26323
26245
25156
16790
8899
23910
16459
5952
11079
7442
5212
1420
13736
16352
8421
20701
4526
16292
31956
26395
7566
18930
1760
13780
13203
10007
8341
10512
7566
4050
7456
3831
23038
3541
4062
23588
16126
17150
26277
3271
18161
13141
31696
7804
4847
28100
3084
24301
28397
12184
15333
2856
25518
24250
6414
31679
8812
30379
17265
22949
22085
17475
10749
6083
10086
3113
1833
11612
31737
30738
2379
19750
17103
26297
21148
5411
21452
31393
15621
29507
12822
907
3506
15034
15356
7864
1107
9761
5286
10718
29234
16974
21376
25835
17657
32243
17766
24187
12608
23032
19343
1817
26839
30359
9274
1849
2264
31036
10521
13295
11113
1816
20353
15991
18773
20618
30286
31333
22346
26927
19863
22183
19183
26819
25622
25919
29612
4285
9811
3521
21303
29356
23446
18060
25055
21329
27785
28874
27291
18043
32687
13096
27345
16294
14215
28501
8679
4946
7807
11836
15498
9507
3226
7936
18368
16060
4832
1210
22446
19290
14471
12019
3624
29747
5605
22754
27900
22924
6420
2918
8190
25755
99
24002
10963
28194
22143
12571
9854
13767
31845
17073
31403
26164
3332
12510
16060
8689
9908
20178
11926
21764
26202
25355
24363
18244
8279
11413
7879
11137
9013
19206
11547
10068
4111
25911
14089
4038
5314
10945
16947
22178
5080
3133
29764
25753
1583
17979
25084
23579
8813
6911
20990
239
5667
22270
8024
16535
23746
31771
10198
5990
65
12191
29190
20061
20362
18172
30473
19912
22184
3905
15390
156
9393
11099
10223
1165
11123
9488
16281
8945
17633
3259
14205
20054
10810
17350
967
8420
26878
19948
21698
6004
8593
17708
10969
1389
7084
19595
28268
32098
31879
7568
14167
10859
10951
3199
12354
22085
11303
8019
16809
6186
2280
4988
28842
26737
249
28252
7569
5349
7909
29826
3619
20965
29823
9123
28589
25663
3406
2907
15561
8138
25273
8361
13046
14024
24050
26659
17366
5626
13219
4860
11845
18816
9562
27322
11038
9846
29877
10166
22988
13646
5196
3666
22673
6381
25184
28413
13464
28296
31048
25831
7611
25147
24982
28547
2580
29805
12812
17087
13636
11236
26944
27140
10117
12458
3344
6639
12401
2974
23495
19660
400
1754
6924
1495
21667
27335
20622
22321
18866
5121
28784
1699
26838
7658
19829
27924
29638
7695
22250
27850
29474
11325
28758
6755
11138
13153
28386
29841
26172
18211
2184
18071
14839
31296
16638
4487
16115
29098
8288
6200
23317
12386
16288
27144
4533
22544
30382
2134
807
23143
14437
701
2057
22329
26683
9744
5202
9051
13735
6681
19989
13370
18768
2576
1048
27705
20474
13276
28696
975
12079
31242
28888
2915
28592
21648
10222
16869
10649
15425
10061
15405
32342
27920
6801
6419
27721
6916
6157
15954
2103
30206
1429
23068
26742
6188
15627
9595
19927
15179
23722
9069
22099
20639
28435
22718
17782
22449
22298
14498
11919
4045
11089
16921
3221
24634
27986
2562
5079
4919
18637
11773
18795
16313
18004
27649
11346
32229
7655
23232
31853
16974
5440
32444
27427
31726
5598
14375
16846
20709
26323
17790
18919
5618
13900
22244
761
23732
24292
28223
29246
13472
5288
2067
6169
31426
26089
18721
22333
21555
15301
11454
22933
12125
18035
28660
16119
26608
337
13657
8587
27041
15021
7601
15354
28071
19284
20804
15706
12021
27103
13824
5845
12600
17848
20046
20252
30352
21998
31925
10126
16397
1981
10287
7974
13551
14555
32077
7975
3228
10627
18443
23944
5983
21058
8819
16672
16868
18818
29683
21393
28535
9434
32127
3317
18167
531
28262
1354
20124
9210
15859
22429
29293
20200
17866
17144
20861
20752
22783
21772
28139
25229
21494
10908
7062
18729
24828
4527
18851
27630
28072
6517
688
17007
3315
23541
16340
19411
16913
3451
27230
31140
28693
7619
10312
14940
27207
30436
20351
4010
24897
9724
7124
23687
10447
31136
959
22268
4740
25089
18394
18864
22812
7902
6424
4404
22676
1837
29129
270
3849
30344
32077
7302
8786
11350
10904
20273
26206
10432
17772
4416
8270
21330
12880
9097
594
30571
10579
20306
7236
25198
2946
21984
15621
12197
12073
31683
153
3573
16074
23516
1795
2887
1761
28213
4065
12721
20053
28289
30407
615
5565
3692
19548
6756
22871
8107
2101
3285
12743
8642
3954
16204
28561
24469
3100
21409
3416
2225
20796
27559
5332
29271
18363
21139
21140
27725
8188
22569
29814
21858
17466
27054
28393
23492
18338
13449
17632
5380
20015
24248
3733
23014
10568
8436
23298
4584
9497
20138
18463
23192
17076
6039
28123
13973
23271
3905
30683
12386
26074
17944
2547
7404
25455
111
19304
27105
8281
22299
13539
9133
21497
19943
32051
8019
21243
11199
16586
29681
21172
8344
16373
12305
31032
1312
20440
30383
13885
16425
23087
28685
8370
7636
1989
14904
21789
9344
29107
17754
4279
13168
30040
18365
1354
30526
1818
13729
8643
0
8161
26822
19363
1346
8530
25521
17665
9113
19652
23742
15225
8231
10507
31977
15295
32186
29415
32354
1537
28606
29765
5835
32509
30439
24124
22866
14817
13211
459
31859
22245
14880
842
12169
12968
29833
25782
27673
8783
24161
669
28380
14422
9748
24552
17552
20027
33
23630
5760
20178
14336
12692
8908
32093
19155
21381
3199
13680
6094
3763
28502
24459
29286
498
25416
5747
8765
20111
23512
14671
7368
6995
3870
26246
1220
17978
20629
7002
15197
24819
2982
29764
3867
21526
18928
18957
21643
17703
29020
10159
29873
6989
9699
21744
15663
16081
31516
29114
32308
28505
24968
24124
16935
19680
31644
27586
11023
28538
18065
4691
16840
10700
17134
9999
17126
21059
2257
20293
13670
12059
29697
11350
22299
24849
21427
31820
10962
26849
18974
11064
13386
9096
18368
4430
11733
22842
20077
22977
17357
15135
26651
20063
8632
27601
32112
1005
23867
28309
30727
9023
2751
6491
23685
19229
2019
25973
18526
18134
18343
15129
32614
5539
11348
5016
29977
32445
15148
3675
32171
11838
13783
21666
4813
5815
25992
26619
22596
5012
9201
14210
19498
2097
28139
6108
20224
30651
3043
31219
28539
20936
7174
31858
9739
28596
2603
13312
27692
32450
16772
17980
23403
21229
9220
13178
16445
24209
5005
27457
19585
19133
6368
1922
21969
27733
29763
19096
19340
4586
9202
15363
20643
26200
11335
32739
9511
25637
11689
17719
19342
5523
5172
26322
5576
7561
27948
6944
1540
17702
11808
20123
12096
2593
31200
1293
405
27106
12064
23943
11839
25953
19689
5404
3951
31168
30915
9318
16337
2475
12963
21430
19930
29546
660
25111
14040
20425
11303
6923
5561
5551
13211
30467
12697
7799
16586
8861
22542
18192
11226
2208
12083
10712
16287
15032
27509
11575
32209
21744
5408
25343
28915
14324
18855
29821
22525
13827
9397
5990
14286
3764
15606
18275
7763
21871
24741
16503
9078
7848
32212
30231
29639
4060
25214
775
28908
11852
16462
19958
13258
2172
8236
24280
31855
5738
12684
8454
23494
27789
8565
3606
8952
7570
25938
32122
25762
26328
9594
5337
5051
935
13183
5424
3138
17203
14394
167
4521
15699
1426
21811
3845
16896
14351
22512
9458
24463
5154
11579
20806
7085
19249
14739
15486
15135
5220
1836
30943
13365
17713
11349
16241
10257
21927
28305
30368
32412
31869
7790
3758
323
20185
26664
32730
4213
4064
5374
30290
20444
7169
31062
30680
25949
7169
2962
3894
9936
27588
24496
18786
21119
24802
932
4209
11872
23780
30836
12347
10768
22368
17430
4306
24469
19387
22540
29346
3794
14007
18619
14439
28617
4033
4495
2771
30611
27133
25039
25083
27680
10509
11840
16516
25261
30116
892
11409
1288
24013
21775
12906
14726
19707
